{
  "stats": {
    "suites": 0,
    "tests": 1,
    "passes": 1,
    "pending": 0,
    "failures": 0,
    "start": "2022-05-30T23:09:36.080Z",
    "end": "2022-05-30T23:09:49.858Z",
    "duration": 13778,
    "testsRegistered": 1,
    "passPercent": 100,
    "pendingPercent": 0,
    "other": 0,
    "hasOther": false,
    "skipped": 0,
    "hasSkipped": false
  },
  "results": [
    {
      "uuid": "fc907b31-9c16-44f8-9ca1-d7e10060753b",
      "title": "",
      "fullFile": "cypress/integration/my_first_test.js",
      "file": "cypress/integration/my_first_test.js",
      "beforeHooks": [],
      "afterHooks": [],
      "tests": [
        {
          "title": "login test",
          "fullTitle": "login test",
          "timedOut": null,
          "duration": 11484,
          "state": "passed",
          "speed": "slow",
          "pass": true,
          "fail": false,
          "pending": false,
          "context": null,
          "code": "cy.visit(\"https://opensource-demo.orangehrmlive.com/index.php/auth/login\");\ncy.get('#txtUsername').type(\"Admin\");\ncy.get('#txtPassword').type(\"admin123\");\ncy.get('#btnLogin').click();\ncy.get('#menu_admin_viewAdminModule > b').click();\ncy.get('#btnAdd').click();\ncy.get('fieldset > p').find(\"#btnSave\").click();",
          "err": {},
          "uuid": "c62b03ad-cee8-4c78-8a79-cf968ba5fae8",
          "parentUUID": "fc907b31-9c16-44f8-9ca1-d7e10060753b",
          "isHook": false,
          "skipped": false
        }
      ],
      "suites": [],
      "passes": [
        "c62b03ad-cee8-4c78-8a79-cf968ba5fae8"
      ],
      "failures": [],
      "pending": [],
      "skipped": [],
      "duration": 11484,
      "root": true,
      "rootEmpty": false,
      "_timeout": 2000
    }
  ],
  "meta": {
    "mocha": {
      "version": "7.0.1"
    },
    "mochawesome": {
      "options": {
        "quiet": false,
        "reportFilename": "mochawesome",
        "saveHtml": false,
        "saveJson": true,
        "consoleReporter": "spec",
        "useInlineDiffs": false,
        "code": true
      },
      "version": "7.1.3"
    },
    "marge": {
      "options": {
        "charts": true,
        "overwrite": false,
        "html": false,
        "json": true,
        "reportDir": "cypress/reports"
      },
      "version": "6.2.0"
    }
  }
}