{
  "stats": {
    "suites": 0,
    "tests": 1,
    "passes": 1,
    "pending": 0,
    "failures": 0,
    "start": "2022-05-30T23:09:25.005Z",
    "end": "2022-05-30T23:09:30.074Z",
    "duration": 5069,
    "testsRegistered": 1,
    "passPercent": 100,
    "pendingPercent": 0,
    "other": 0,
    "hasOther": false,
    "skipped": 0,
    "hasSkipped": false
  },
  "results": [
    {
      "uuid": "459479ad-2e55-4c47-ad78-dd637d6dec67",
      "title": "",
      "fullFile": "cypress/integration/login.js",
      "file": "cypress/integration/login.js",
      "beforeHooks": [],
      "afterHooks": [],
      "tests": [
        {
          "title": "login test",
          "fullTitle": "login test",
          "timedOut": null,
          "duration": 1785,
          "state": "passed",
          "speed": "fast",
          "pass": true,
          "fail": false,
          "pending": false,
          "context": null,
          "code": "loginPage.navigate(\"https://trytestingthis.netlify.app/index.html\");\nloginPage.enterUsername(\"test\");\nloginPage.enterPassword(\"test\");\nloginPage.clickLogin();",
          "err": {},
          "uuid": "5d5beb7e-e5ab-4bc8-845c-2bac2cc0e329",
          "parentUUID": "459479ad-2e55-4c47-ad78-dd637d6dec67",
          "isHook": false,
          "skipped": false
        }
      ],
      "suites": [],
      "passes": [
        "5d5beb7e-e5ab-4bc8-845c-2bac2cc0e329"
      ],
      "failures": [],
      "pending": [],
      "skipped": [],
      "duration": 1785,
      "root": true,
      "rootEmpty": false,
      "_timeout": 2000
    }
  ],
  "meta": {
    "mocha": {
      "version": "7.0.1"
    },
    "mochawesome": {
      "options": {
        "quiet": false,
        "reportFilename": "mochawesome",
        "saveHtml": false,
        "saveJson": true,
        "consoleReporter": "spec",
        "useInlineDiffs": false,
        "code": true
      },
      "version": "7.1.3"
    },
    "marge": {
      "options": {
        "charts": true,
        "overwrite": false,
        "html": false,
        "json": true,
        "reportDir": "cypress/reports"
      },
      "version": "6.2.0"
    }
  }
}