{
  "stats": {
    "suites": 0,
    "tests": 1,
    "passes": 0,
    "pending": 0,
    "failures": 1,
    "start": "2022-05-30T23:09:18.797Z",
    "end": "2022-05-30T23:09:19.925Z",
    "duration": 1128,
    "testsRegistered": 1,
    "passPercent": 0,
    "pendingPercent": 0,
    "other": 0,
    "hasOther": false,
    "skipped": 0,
    "hasSkipped": false
  },
  "results": [
    {
      "uuid": "982519e6-d600-43e3-a515-758e2472375f",
      "title": "",
      "fullFile": "cypress/integration/assertions.js",
      "file": "cypress/integration/assertions.js",
      "beforeHooks": [],
      "afterHooks": [],
      "tests": [
        {
          "title": "learning assertions",
          "fullTitle": "learning assertions",
          "timedOut": null,
          "duration": 771,
          "state": "failed",
          "speed": null,
          "pass": false,
          "fail": true,
          "pending": false,
          "context": null,
          "code": "cy.visit('https://example.cypress.io/');\ncy.contains('get').click();\ncy.get('#query-btn', {\n  timeout: 4000\n}).should('contain', 'Button').should('have.class', 'query-btn').should('be.enabled');\ncy.get('#query-btn').invoke('attr', 'id').should('equal', 'query-btn');\ncy.get('#query-btn').should('contain', 'Button').and('have.class', 'query-btn'); // Explicit Assertions\n// Expect\nexpect(true).to.be.true;\nlet name = 'David';\nexpect(name).to.be.equal('David'); // assert\nassert.equal(4, 4, 'YO DUMBASS, NOT EQUAL');\nassert.strictEqual(4, '4', 'NOT STRICTLY EQUAL');",
          "err": {
            "message": "AssertionError: NOT STRICTLY EQUAL: expected 4 to equal '4'",
            "estack": "AssertionError: NOT STRICTLY EQUAL: expected 4 to equal '4'\n    at Context.eval (http://localhost:50225/__cypress/tests?p=cypress/integration/assertions.js:114:10)",
            "diff": "- 4\n+ '4'\n"
          },
          "uuid": "62c4ece0-26aa-4623-b06c-759cb7dd0b23",
          "parentUUID": "982519e6-d600-43e3-a515-758e2472375f",
          "isHook": false,
          "skipped": false
        }
      ],
      "suites": [],
      "passes": [],
      "failures": [
        "62c4ece0-26aa-4623-b06c-759cb7dd0b23"
      ],
      "pending": [],
      "skipped": [],
      "duration": 771,
      "root": true,
      "rootEmpty": false,
      "_timeout": 2000
    }
  ],
  "meta": {
    "mocha": {
      "version": "7.0.1"
    },
    "mochawesome": {
      "options": {
        "quiet": false,
        "reportFilename": "mochawesome",
        "saveHtml": false,
        "saveJson": true,
        "consoleReporter": "spec",
        "useInlineDiffs": false,
        "code": true
      },
      "version": "7.1.3"
    },
    "marge": {
      "options": {
        "charts": true,
        "overwrite": false,
        "html": false,
        "json": true,
        "reportDir": "cypress/reports"
      },
      "version": "6.2.0"
    }
  }
}